[debug] [2021-04-13T16:05:33.021Z] ----------------------------------------------------------------------
[debug] [2021-04-13T16:05:33.024Z] Command:       C:\Program Files\nodejs\node.exe C:\Users\MuGens_Awakening\AppData\Roaming\npm\node_modules\firebase-tools\lib\bin\firebase.js emulators:start --only functions
[debug] [2021-04-13T16:05:33.025Z] CLI Version:   9.9.0
[debug] [2021-04-13T16:05:33.025Z] Platform:      win32
[debug] [2021-04-13T16:05:33.025Z] Node Version:  v14.15.4
[debug] [2021-04-13T16:05:33.028Z] Time:          Tue Apr 13 2021 18:05:33 GMT+0200 (heure d’été d’Europe centrale)
[debug] [2021-04-13T16:05:33.029Z] ----------------------------------------------------------------------
[debug] 
[debug] [2021-04-13T16:05:33.032Z] >>> [apiv2][query] GET https://firebase-public.firebaseio.com/cli.json [none]
[debug] [2021-04-13T16:05:33.059Z] > command requires scopes: ["email","openid","https://www.googleapis.com/auth/cloudplatformprojects.readonly","https://www.googleapis.com/auth/firebase","https://www.googleapis.com/auth/cloud-platform"]
[debug] [2021-04-13T16:05:33.059Z] > authorizing via signed-in user (mugenity2021@gmail.com)
[info] i  emulators: Starting emulators: functions {"metadata":{"emulator":{"name":"hub"},"message":"Starting emulators: functions"}}
[debug] [2021-04-13T16:05:33.082Z] [hub] writing locator at C:\Users\MUGENS~1\AppData\Local\Temp\hub-ecommercenew-33f39.json
[warn] !  functions: The following emulators are not running, calls to these services from the Functions emulator will affect production: auth, firestore, database, hosting, pubsub {"metadata":{"emulator":{"name":"functions"},"message":"The following emulators are not running, calls to these services from the Functions emulator will affect production: \u001b[1mauth, firestore, database, hosting, pubsub\u001b[22m"}}
[warn] !  Your requested "node" version "12" doesn't match your global version "14" {"metadata":{"emulator":{"name":"functions"},"message":"Your requested \"node\" version \"12\" doesn't match your global version \"14\""}}
[debug] [2021-04-13T16:05:33.113Z] defaultcredentials: writing to file C:\Users\MuGens_Awakening\AppData\Roaming\firebase\mugenity2021_gmail_com_application_default_credentials.json
[debug] [2021-04-13T16:05:33.114Z] Setting GAC to C:\Users\MuGens_Awakening\AppData\Roaming\firebase\mugenity2021_gmail_com_application_default_credentials.json {"metadata":{"emulator":{"name":"functions"},"message":"Setting GAC to C:\\Users\\MuGens_Awakening\\AppData\\Roaming\\firebase\\mugenity2021_gmail_com_application_default_credentials.json"}}
[debug] [2021-04-13T16:05:33.116Z] > refreshing access token with scopes: []
[debug] [2021-04-13T16:05:33.117Z] >>> HTTP REQUEST POST https://www.googleapis.com/oauth2/v3/token  
 <request body omitted>
[debug] [2021-04-13T16:05:33.322Z] <<< HTTP RESPONSE 200 {"pragma":"no-cache","expires":"Mon, 01 Jan 1990 00:00:00 GMT","cache-control":"no-cache, no-store, max-age=0, must-revalidate","date":"Tue, 13 Apr 2021 16:05:32 GMT","content-type":"application/json; charset=utf-8","vary":"X-Origin, Referer, Origin,Accept-Encoding","server":"scaffolding on HTTPServer2","x-xss-protection":"0","x-frame-options":"SAMEORIGIN","x-content-type-options":"nosniff","alt-svc":"h3-29=\":443\"; ma=2592000,h3-T051=\":443\"; ma=2592000,h3-Q050=\":443\"; ma=2592000,h3-Q046=\":443\"; ma=2592000,h3-Q043=\":443\"; ma=2592000,quic=\":443\"; ma=2592000; v=\"46,43\"","accept-ranges":"none","transfer-encoding":"chunked"}
[debug] [2021-04-13T16:05:33.339Z] >>> [apiv2][query] GET https://firebase.googleapis.com/v1beta1/projects/ecommercenew-33f39/adminSdkConfig [none]
[debug] [2021-04-13T16:05:33.565Z] <<< [apiv2][status] GET https://firebase-public.firebaseio.com/cli.json 200
[debug] [2021-04-13T16:05:33.565Z] <<< [apiv2][body] GET https://firebase-public.firebaseio.com/cli.json {"cloudBuildErrorAfter":1594252800000,"cloudBuildWarnAfter":1590019200000,"defaultNode10After":1594252800000,"minVersion":"3.0.5","node8DeploysDisabledAfter":1613390400000,"node8RuntimeDisabledAfter":1615809600000,"node8WarnAfter":1600128000000}
[debug] [2021-04-13T16:05:33.802Z] <<< [apiv2][status] GET https://firebase.googleapis.com/v1beta1/projects/ecommercenew-33f39/adminSdkConfig 200
[debug] [2021-04-13T16:05:33.803Z] <<< [apiv2][body] GET https://firebase.googleapis.com/v1beta1/projects/ecommercenew-33f39/adminSdkConfig {"projectId":"ecommercenew-33f39","storageBucket":"ecommercenew-33f39.appspot.com","locationId":"europe-west"}
[debug] [2021-04-13T16:05:33.824Z] Ignoring unsupported arg: auto_download {"metadata":{"emulator":{"name":"ui"},"message":"Ignoring unsupported arg: auto_download"}}
[debug] [2021-04-13T16:05:33.824Z] Ignoring unsupported arg: port {"metadata":{"emulator":{"name":"ui"},"message":"Ignoring unsupported arg: port"}}
[debug] [2021-04-13T16:05:33.824Z] Starting Emulator UI with command {"binary":"node","args":["C:\\Users\\MuGens_Awakening\\.cache\\firebase\\emulators\\ui-v1.4.2\\server.bundle.js"],"optionalArgs":[],"joinArgs":false} {"metadata":{"emulator":{"name":"ui"},"message":"Starting Emulator UI with command {\"binary\":\"node\",\"args\":[\"C:\\\\Users\\\\MuGens_Awakening\\\\.cache\\\\firebase\\\\emulators\\\\ui-v1.4.2\\\\server.bundle.js\"],\"optionalArgs\":[],\"joinArgs\":false}"}}
[info] i  ui: Emulator UI logging to ui-debug.log {"metadata":{"emulator":{"name":"ui"},"message":"Emulator UI logging to \u001b[1mui-debug.log\u001b[22m"}}
[debug] [2021-04-13T16:05:33.964Z] Web / API server started at http://localhost:4000
 {"metadata":{"emulator":{"name":"ui"},"message":"Web / API server started at http://localhost:4000\n"}}
[info] i  functions: Watching "C:\Users\MuGens_Awakening\Desktop\ecommerce\functions" for Cloud Functions... {"metadata":{"emulator":{"name":"functions"},"message":"Watching \"C:\\Users\\MuGens_Awakening\\Desktop\\ecommerce\\functions\" for Cloud Functions..."}}
[debug] [2021-04-13T16:05:34.118Z] [worker-pool] addWorker(~diagnostic~) {"metadata":{"emulator":{"name":"functions"},"message":"[worker-pool] addWorker(~diagnostic~)"}}
[debug] [2021-04-13T16:05:34.119Z] [worker-pool] Adding worker with key ~diagnostic~, total=1 {"metadata":{"emulator":{"name":"functions"},"message":"[worker-pool] Adding worker with key ~diagnostic~, total=1"}}
[debug] [2021-04-13T16:05:34.119Z] [worker-pool] submitWork(triggerId=) {"metadata":{"emulator":{"name":"functions"},"message":"[worker-pool] submitWork(triggerId=)"}}
[debug] [2021-04-13T16:05:34.119Z] [worker-~diagnostic~-9b314b71-e7d4-4681-af65-f273c8fd18f8]: Assigning socketPath: \\?\pipe\C:\Users\MuGens_Awakening\Desktop\ecommerce\functions\15524 {"metadata":{"emulator":{"name":"functions"},"message":"[worker-~diagnostic~-9b314b71-e7d4-4681-af65-f273c8fd18f8]: Assigning socketPath: \\\\?\\pipe\\C:\\Users\\MuGens_Awakening\\Desktop\\ecommerce\\functions\\15524"}}
[debug] [2021-04-13T16:05:34.120Z] [worker-~diagnostic~-9b314b71-e7d4-4681-af65-f273c8fd18f8]: BUSY {"metadata":{"emulator":{"name":"functions"},"message":"[worker-~diagnostic~-9b314b71-e7d4-4681-af65-f273c8fd18f8]: BUSY"}}
[debug] [2021-04-13T16:05:34.357Z] [runtime-status] [15524] Functions runtime initialized. {"cwd":"C:\\Users\\MuGens_Awakening\\Desktop\\ecommerce\\functions","node_version":"14.15.4"} {"metadata":{"emulator":{"name":"functions"},"message":"[runtime-status] [15524] Functions runtime initialized. {\"cwd\":\"C:\\\\Users\\\\MuGens_Awakening\\\\Desktop\\\\ecommerce\\\\functions\",\"node_version\":\"14.15.4\"}"}}
[debug] [2021-04-13T16:05:34.357Z] [runtime-status] [15524] Disabled runtime features: undefined {"metadata":{"emulator":{"name":"functions"},"message":"[runtime-status] [15524] Disabled runtime features: undefined"}}
[debug] [2021-04-13T16:05:34.361Z] [runtime-status] [15524] Resolved module firebase-admin {"declared":true,"installed":true,"version":"9.6.0","resolution":"C:\\Users\\MuGens_Awakening\\Desktop\\ecommerce\\functions\\node_modules\\firebase-admin\\lib\\index.js"} {"metadata":{"emulator":{"name":"functions"},"message":"[runtime-status] [15524] Resolved module firebase-admin {\"declared\":true,\"installed\":true,\"version\":\"9.6.0\",\"resolution\":\"C:\\\\Users\\\\MuGens_Awakening\\\\Desktop\\\\ecommerce\\\\functions\\\\node_modules\\\\firebase-admin\\\\lib\\\\index.js\"}"}}
[debug] [2021-04-13T16:05:34.364Z] [runtime-status] [15524] Resolved module firebase-functions {"declared":true,"installed":true,"version":"3.13.2","resolution":"C:\\Users\\MuGens_Awakening\\Desktop\\ecommerce\\functions\\node_modules\\firebase-functions\\lib\\index.js"} {"metadata":{"emulator":{"name":"functions"},"message":"[runtime-status] [15524] Resolved module firebase-functions {\"declared\":true,\"installed\":true,\"version\":\"3.13.2\",\"resolution\":\"C:\\\\Users\\\\MuGens_Awakening\\\\Desktop\\\\ecommerce\\\\functions\\\\node_modules\\\\firebase-functions\\\\lib\\\\index.js\"}"}}
[debug] [2021-04-13T16:05:34.364Z] [runtime-status] [15524] Resolved module firebase-functions {"declared":true,"installed":true,"version":"3.13.2","resolution":"C:\\Users\\MuGens_Awakening\\Desktop\\ecommerce\\functions\\node_modules\\firebase-functions\\lib\\index.js"} {"metadata":{"emulator":{"name":"functions"},"message":"[runtime-status] [15524] Resolved module firebase-functions {\"declared\":true,\"installed\":true,\"version\":\"3.13.2\",\"resolution\":\"C:\\\\Users\\\\MuGens_Awakening\\\\Desktop\\\\ecommerce\\\\functions\\\\node_modules\\\\firebase-functions\\\\lib\\\\index.js\"}"}}
[debug] [2021-04-13T16:05:34.366Z] [runtime-status] [15524] Outgoing network have been stubbed. [{"name":"http","status":"mocked"},{"name":"http","status":"mocked"},{"name":"https","status":"mocked"},{"name":"https","status":"mocked"},{"name":"net","status":"mocked"}] {"metadata":{"emulator":{"name":"functions"},"message":"[runtime-status] [15524] Outgoing network have been stubbed. [{\"name\":\"http\",\"status\":\"mocked\"},{\"name\":\"http\",\"status\":\"mocked\"},{\"name\":\"https\",\"status\":\"mocked\"},{\"name\":\"https\",\"status\":\"mocked\"},{\"name\":\"net\",\"status\":\"mocked\"}]"}}
[debug] [2021-04-13T16:05:34.366Z] [runtime-status] [15524] Resolved module firebase-functions {"declared":true,"installed":true,"version":"3.13.2","resolution":"C:\\Users\\MuGens_Awakening\\Desktop\\ecommerce\\functions\\node_modules\\firebase-functions\\lib\\index.js"} {"metadata":{"emulator":{"name":"functions"},"message":"[runtime-status] [15524] Resolved module firebase-functions {\"declared\":true,\"installed\":true,\"version\":\"3.13.2\",\"resolution\":\"C:\\\\Users\\\\MuGens_Awakening\\\\Desktop\\\\ecommerce\\\\functions\\\\node_modules\\\\firebase-functions\\\\lib\\\\index.js\"}"}}
[debug] [2021-04-13T16:05:34.430Z] [runtime-status] [15524] Checked functions.config() {"config":{}} {"metadata":{"emulator":{"name":"functions"},"message":"[runtime-status] [15524] Checked functions.config() {\"config\":{}}"}}
[debug] [2021-04-13T16:05:34.430Z] [runtime-status] [15524] firebase-functions has been stubbed. {"functionsResolution":{"declared":true,"installed":true,"version":"3.13.2","resolution":"C:\\Users\\MuGens_Awakening\\Desktop\\ecommerce\\functions\\node_modules\\firebase-functions\\lib\\index.js"}} {"metadata":{"emulator":{"name":"functions"},"message":"[runtime-status] [15524] firebase-functions has been stubbed. {\"functionsResolution\":{\"declared\":true,\"installed\":true,\"version\":\"3.13.2\",\"resolution\":\"C:\\\\Users\\\\MuGens_Awakening\\\\Desktop\\\\ecommerce\\\\functions\\\\node_modules\\\\firebase-functions\\\\lib\\\\index.js\"}}"}}
[debug] [2021-04-13T16:05:34.431Z] [runtime-status] [15524] Resolved module firebase-functions {"declared":true,"installed":true,"version":"3.13.2","resolution":"C:\\Users\\MuGens_Awakening\\Desktop\\ecommerce\\functions\\node_modules\\firebase-functions\\lib\\index.js"} {"metadata":{"emulator":{"name":"functions"},"message":"[runtime-status] [15524] Resolved module firebase-functions {\"declared\":true,\"installed\":true,\"version\":\"3.13.2\",\"resolution\":\"C:\\\\Users\\\\MuGens_Awakening\\\\Desktop\\\\ecommerce\\\\functions\\\\node_modules\\\\firebase-functions\\\\lib\\\\index.js\"}"}}
[debug] [2021-04-13T16:05:34.432Z] [runtime-status] [15524] Resolved module firebase-admin {"declared":true,"installed":true,"version":"9.6.0","resolution":"C:\\Users\\MuGens_Awakening\\Desktop\\ecommerce\\functions\\node_modules\\firebase-admin\\lib\\index.js"} {"metadata":{"emulator":{"name":"functions"},"message":"[runtime-status] [15524] Resolved module firebase-admin {\"declared\":true,\"installed\":true,\"version\":\"9.6.0\",\"resolution\":\"C:\\\\Users\\\\MuGens_Awakening\\\\Desktop\\\\ecommerce\\\\functions\\\\node_modules\\\\firebase-admin\\\\lib\\\\index.js\"}"}}
[debug] [2021-04-13T16:05:34.432Z] [runtime-status] [15524] Resolved module firebase-functions {"declared":true,"installed":true,"version":"3.13.2","resolution":"C:\\Users\\MuGens_Awakening\\Desktop\\ecommerce\\functions\\node_modules\\firebase-functions\\lib\\index.js"} {"metadata":{"emulator":{"name":"functions"},"message":"[runtime-status] [15524] Resolved module firebase-functions {\"declared\":true,\"installed\":true,\"version\":\"3.13.2\",\"resolution\":\"C:\\\\Users\\\\MuGens_Awakening\\\\Desktop\\\\ecommerce\\\\functions\\\\node_modules\\\\firebase-functions\\\\lib\\\\index.js\"}"}}
[debug] [2021-04-13T16:05:34.433Z] [runtime-status] [15524] firebase-admin has been stubbed. {"adminResolution":{"declared":true,"installed":true,"version":"9.6.0","resolution":"C:\\Users\\MuGens_Awakening\\Desktop\\ecommerce\\functions\\node_modules\\firebase-admin\\lib\\index.js"}} {"metadata":{"emulator":{"name":"functions"},"message":"[runtime-status] [15524] firebase-admin has been stubbed. {\"adminResolution\":{\"declared\":true,\"installed\":true,\"version\":\"9.6.0\",\"resolution\":\"C:\\\\Users\\\\MuGens_Awakening\\\\Desktop\\\\ecommerce\\\\functions\\\\node_modules\\\\firebase-admin\\\\lib\\\\index.js\"}}"}}
[info] +  functions[api]: http function initialized (http://localhost:5001/ecommercenew-33f39/us-central1/api). {"metadata":{"emulator":{"name":"functions"},"message":"\u001b[1mhttp\u001b[22m function initialized (http://localhost:5001/ecommercenew-33f39/us-central1/api)."}}
[info] 
┌─────────────────────────────────────────────────────────────┐
│ ✔  All emulators ready! It is now safe to connect your app. │
│ i  View Emulator UI at http://localhost:4000                │
└─────────────────────────────────────────────────────────────┘

┌───────────┬────────────────┬─────────────────────────────────┐
│ Emulator  │ Host:Port      │ View in Emulator UI             │
├───────────┼────────────────┼─────────────────────────────────┤
│ Functions │ localhost:5001 │ http://localhost:4000/functions │
└───────────┴────────────────┴─────────────────────────────────┘
  Emulator Hub running at localhost:4400
  Other reserved ports: 4500

Issues? Report them at https://github.com/firebase/firebase-tools/issues and attach the *-debug.log files.
 
[debug] [2021-04-13T16:05:34.681Z] [worker-~diagnostic~-9b314b71-e7d4-4681-af65-f273c8fd18f8]: IDLE {"metadata":{"emulator":{"name":"functions"},"message":"[worker-~diagnostic~-9b314b71-e7d4-4681-af65-f273c8fd18f8]: IDLE"}}
[debug] [2021-04-13T16:05:38.774Z] [work-queue] {"queueLength":1,"workRunningCount":0}
[debug] [2021-04-13T16:05:38.775Z] [work-queue] {"queueLength":0,"workRunningCount":1}
[debug] [2021-04-13T16:05:38.775Z] Accepted request GET /ecommercenew-33f39/us-central1/api --> api
[debug] [2021-04-13T16:05:38.785Z] [worker-pool] addWorker(api) {"metadata":{"emulator":{"name":"functions"},"message":"[worker-pool] addWorker(api)"}}
[debug] [2021-04-13T16:05:38.786Z] [worker-pool] Adding worker with key api, total=1 {"metadata":{"emulator":{"name":"functions"},"message":"[worker-pool] Adding worker with key api, total=1"}}
[debug] [2021-04-13T16:05:38.786Z] [worker-pool] submitWork(triggerId=api) {"metadata":{"emulator":{"name":"functions"},"message":"[worker-pool] submitWork(triggerId=api)"}}
[debug] [2021-04-13T16:05:38.786Z] [worker-api-1726aba8-1d32-43a9-ad08-e9d2848d3220]: Assigning socketPath: \\?\pipe\C:\Users\MuGens_Awakening\Desktop\ecommerce\functions\16644 {"metadata":{"emulator":{"name":"functions"},"message":"[worker-api-1726aba8-1d32-43a9-ad08-e9d2848d3220]: Assigning socketPath: \\\\?\\pipe\\C:\\Users\\MuGens_Awakening\\Desktop\\ecommerce\\functions\\16644"}}
[debug] [2021-04-13T16:05:38.786Z] [worker-api-1726aba8-1d32-43a9-ad08-e9d2848d3220]: BUSY {"metadata":{"emulator":{"name":"functions"},"message":"[worker-api-1726aba8-1d32-43a9-ad08-e9d2848d3220]: BUSY"}}
[debug] [2021-04-13T16:05:39.088Z] [runtime-status] [16644] Functions runtime initialized. {"cwd":"C:\\Users\\MuGens_Awakening\\Desktop\\ecommerce\\functions","node_version":"14.15.4"} {"metadata":{"emulator":{"name":"functions"},"function":{"name":"api"},"message":"[runtime-status] [16644] Functions runtime initialized. {\"cwd\":\"C:\\\\Users\\\\MuGens_Awakening\\\\Desktop\\\\ecommerce\\\\functions\",\"node_version\":\"14.15.4\"}"}}
[debug] [2021-04-13T16:05:39.089Z] [runtime-status] [16644] Disabled runtime features: undefined {"metadata":{"emulator":{"name":"functions"},"function":{"name":"api"},"message":"[runtime-status] [16644] Disabled runtime features: undefined"}}
[debug] [2021-04-13T16:05:39.092Z] [runtime-status] [16644] Resolved module firebase-admin {"declared":true,"installed":true,"version":"9.6.0","resolution":"C:\\Users\\MuGens_Awakening\\Desktop\\ecommerce\\functions\\node_modules\\firebase-admin\\lib\\index.js"} {"metadata":{"emulator":{"name":"functions"},"function":{"name":"api"},"message":"[runtime-status] [16644] Resolved module firebase-admin {\"declared\":true,\"installed\":true,\"version\":\"9.6.0\",\"resolution\":\"C:\\\\Users\\\\MuGens_Awakening\\\\Desktop\\\\ecommerce\\\\functions\\\\node_modules\\\\firebase-admin\\\\lib\\\\index.js\"}"}}
[debug] [2021-04-13T16:05:39.093Z] [runtime-status] [16644] Resolved module firebase-functions {"declared":true,"installed":true,"version":"3.13.2","resolution":"C:\\Users\\MuGens_Awakening\\Desktop\\ecommerce\\functions\\node_modules\\firebase-functions\\lib\\index.js"} {"metadata":{"emulator":{"name":"functions"},"function":{"name":"api"},"message":"[runtime-status] [16644] Resolved module firebase-functions {\"declared\":true,\"installed\":true,\"version\":\"3.13.2\",\"resolution\":\"C:\\\\Users\\\\MuGens_Awakening\\\\Desktop\\\\ecommerce\\\\functions\\\\node_modules\\\\firebase-functions\\\\lib\\\\index.js\"}"}}
[debug] [2021-04-13T16:05:39.094Z] [runtime-status] [16644] Resolved module firebase-functions {"declared":true,"installed":true,"version":"3.13.2","resolution":"C:\\Users\\MuGens_Awakening\\Desktop\\ecommerce\\functions\\node_modules\\firebase-functions\\lib\\index.js"} {"metadata":{"emulator":{"name":"functions"},"function":{"name":"api"},"message":"[runtime-status] [16644] Resolved module firebase-functions {\"declared\":true,\"installed\":true,\"version\":\"3.13.2\",\"resolution\":\"C:\\\\Users\\\\MuGens_Awakening\\\\Desktop\\\\ecommerce\\\\functions\\\\node_modules\\\\firebase-functions\\\\lib\\\\index.js\"}"}}
[debug] [2021-04-13T16:05:39.097Z] [runtime-status] [16644] Outgoing network have been stubbed. [{"name":"http","status":"mocked"},{"name":"http","status":"mocked"},{"name":"https","status":"mocked"},{"name":"https","status":"mocked"},{"name":"net","status":"mocked"}] {"metadata":{"emulator":{"name":"functions"},"function":{"name":"api"},"message":"[runtime-status] [16644] Outgoing network have been stubbed. [{\"name\":\"http\",\"status\":\"mocked\"},{\"name\":\"http\",\"status\":\"mocked\"},{\"name\":\"https\",\"status\":\"mocked\"},{\"name\":\"https\",\"status\":\"mocked\"},{\"name\":\"net\",\"status\":\"mocked\"}]"}}
[debug] [2021-04-13T16:05:39.098Z] [runtime-status] [16644] Resolved module firebase-functions {"declared":true,"installed":true,"version":"3.13.2","resolution":"C:\\Users\\MuGens_Awakening\\Desktop\\ecommerce\\functions\\node_modules\\firebase-functions\\lib\\index.js"} {"metadata":{"emulator":{"name":"functions"},"function":{"name":"api"},"message":"[runtime-status] [16644] Resolved module firebase-functions {\"declared\":true,\"installed\":true,\"version\":\"3.13.2\",\"resolution\":\"C:\\\\Users\\\\MuGens_Awakening\\\\Desktop\\\\ecommerce\\\\functions\\\\node_modules\\\\firebase-functions\\\\lib\\\\index.js\"}"}}
[debug] [2021-04-13T16:05:39.151Z] [runtime-status] [16644] Checked functions.config() {"config":{}} {"metadata":{"emulator":{"name":"functions"},"function":{"name":"api"},"message":"[runtime-status] [16644] Checked functions.config() {\"config\":{}}"}}
[debug] [2021-04-13T16:05:39.152Z] [runtime-status] [16644] firebase-functions has been stubbed. {"functionsResolution":{"declared":true,"installed":true,"version":"3.13.2","resolution":"C:\\Users\\MuGens_Awakening\\Desktop\\ecommerce\\functions\\node_modules\\firebase-functions\\lib\\index.js"}} {"metadata":{"emulator":{"name":"functions"},"function":{"name":"api"},"message":"[runtime-status] [16644] firebase-functions has been stubbed. {\"functionsResolution\":{\"declared\":true,\"installed\":true,\"version\":\"3.13.2\",\"resolution\":\"C:\\\\Users\\\\MuGens_Awakening\\\\Desktop\\\\ecommerce\\\\functions\\\\node_modules\\\\firebase-functions\\\\lib\\\\index.js\"}}"}}
[debug] [2021-04-13T16:05:39.152Z] [runtime-status] [16644] Resolved module firebase-functions {"declared":true,"installed":true,"version":"3.13.2","resolution":"C:\\Users\\MuGens_Awakening\\Desktop\\ecommerce\\functions\\node_modules\\firebase-functions\\lib\\index.js"} {"metadata":{"emulator":{"name":"functions"},"function":{"name":"api"},"message":"[runtime-status] [16644] Resolved module firebase-functions {\"declared\":true,\"installed\":true,\"version\":\"3.13.2\",\"resolution\":\"C:\\\\Users\\\\MuGens_Awakening\\\\Desktop\\\\ecommerce\\\\functions\\\\node_modules\\\\firebase-functions\\\\lib\\\\index.js\"}"}}
[debug] [2021-04-13T16:05:39.153Z] [runtime-status] [16644] Resolved module firebase-admin {"declared":true,"installed":true,"version":"9.6.0","resolution":"C:\\Users\\MuGens_Awakening\\Desktop\\ecommerce\\functions\\node_modules\\firebase-admin\\lib\\index.js"} {"metadata":{"emulator":{"name":"functions"},"function":{"name":"api"},"message":"[runtime-status] [16644] Resolved module firebase-admin {\"declared\":true,\"installed\":true,\"version\":\"9.6.0\",\"resolution\":\"C:\\\\Users\\\\MuGens_Awakening\\\\Desktop\\\\ecommerce\\\\functions\\\\node_modules\\\\firebase-admin\\\\lib\\\\index.js\"}"}}
[debug] [2021-04-13T16:05:39.154Z] [runtime-status] [16644] Resolved module firebase-functions {"declared":true,"installed":true,"version":"3.13.2","resolution":"C:\\Users\\MuGens_Awakening\\Desktop\\ecommerce\\functions\\node_modules\\firebase-functions\\lib\\index.js"} {"metadata":{"emulator":{"name":"functions"},"function":{"name":"api"},"message":"[runtime-status] [16644] Resolved module firebase-functions {\"declared\":true,\"installed\":true,\"version\":\"3.13.2\",\"resolution\":\"C:\\\\Users\\\\MuGens_Awakening\\\\Desktop\\\\ecommerce\\\\functions\\\\node_modules\\\\firebase-functions\\\\lib\\\\index.js\"}"}}
[debug] [2021-04-13T16:05:39.154Z] [runtime-status] [16644] firebase-admin has been stubbed. {"adminResolution":{"declared":true,"installed":true,"version":"9.6.0","resolution":"C:\\Users\\MuGens_Awakening\\Desktop\\ecommerce\\functions\\node_modules\\firebase-admin\\lib\\index.js"}} {"metadata":{"emulator":{"name":"functions"},"function":{"name":"api"},"message":"[runtime-status] [16644] firebase-admin has been stubbed. {\"adminResolution\":{\"declared\":true,\"installed\":true,\"version\":\"9.6.0\",\"resolution\":\"C:\\\\Users\\\\MuGens_Awakening\\\\Desktop\\\\ecommerce\\\\functions\\\\node_modules\\\\firebase-admin\\\\lib\\\\index.js\"}}"}}
[debug] [2021-04-13T16:05:39.390Z] [runtime-status] [16644] Trigger "api" has been found, beginning invocation! {"metadata":{"emulator":{"name":"functions"},"function":{"name":"api"},"message":"[runtime-status] [16644] Trigger \"api\" has been found, beginning invocation!"}}
[info] i  functions: Beginning execution of "api" {"metadata":{"emulator":{"name":"functions"},"function":{"name":"api"},"message":"Beginning execution of \"api\""}}
[debug] [2021-04-13T16:05:39.391Z] [runtime-status] [16644] triggerDefinition {"httpsTrigger":{},"name":"api","entryPoint":"api"} {"metadata":{"emulator":{"name":"functions"},"function":{"name":"api"},"message":"[runtime-status] [16644] triggerDefinition {\"httpsTrigger\":{},\"name\":\"api\",\"entryPoint\":\"api\"}"}}
[debug] [2021-04-13T16:05:39.392Z] [runtime-status] [16644] Running api in mode HTTPS {"metadata":{"emulator":{"name":"functions"},"function":{"name":"api"},"message":"[runtime-status] [16644] Running api in mode HTTPS"}}
[debug] [2021-04-13T16:05:39.394Z] [runtime-status] [16644] Attempting to listen to socketPath: \\?\pipe\C:\Users\MuGens_Awakening\Desktop\ecommerce\functions\16644 {"metadata":{"emulator":{"name":"functions"},"function":{"name":"api"},"message":"[runtime-status] [16644] Attempting to listen to socketPath: \\\\?\\pipe\\C:\\Users\\MuGens_Awakening\\Desktop\\ecommerce\\functions\\16644"}}
[debug] [2021-04-13T16:05:39.400Z] [functions] Runtime ready! Sending request! {"metadata":{"emulator":{"name":"functions"},"message":"[functions] Runtime ready! Sending request!"}}
[debug] [2021-04-13T16:05:39.401Z] [functions] Got req.url=/ecommercenew-33f39/us-central1/api, mapping to path=/ {"metadata":{"emulator":{"name":"functions"},"message":"[functions] Got req.url=/ecommercenew-33f39/us-central1/api, mapping to path=/"}}
[debug] [2021-04-13T16:05:39.407Z] [runtime-status] [16644] Ephemeral server handling GET request {"metadata":{"emulator":{"name":"functions"},"function":{"name":"api"},"message":"[runtime-status] [16644] Ephemeral server handling GET request"}}
[debug] [2021-04-13T16:05:39.418Z] [runtime-status] [16644] Ephemeral server survived. {"metadata":{"emulator":{"name":"functions"},"function":{"name":"api"},"message":"[runtime-status] [16644] Ephemeral server survived."}}
[info] i  functions: Finished "api" in ~1s {"metadata":{"emulator":{"name":"functions"},"function":{"name":"api"},"message":"Finished \"api\" in ~1s"}}
[debug] [2021-04-13T16:05:39.425Z] [worker-api-1726aba8-1d32-43a9-ad08-e9d2848d3220]: IDLE {"metadata":{"emulator":{"name":"functions"},"message":"[worker-api-1726aba8-1d32-43a9-ad08-e9d2848d3220]: IDLE"}}
[debug] [2021-04-13T16:05:39.426Z] [work-queue] {"queueLength":0,"workRunningCount":0}
[debug] [2021-04-13T16:05:39.508Z] Functions emulator received unknown request at path /favicon.ico
[debug] [2021-04-13T16:05:42.503Z] [work-queue] {"queueLength":1,"workRunningCount":0}
[debug] [2021-04-13T16:05:42.504Z] [work-queue] {"queueLength":0,"workRunningCount":1}
[debug] [2021-04-13T16:05:42.504Z] Accepted request OPTIONS /ecommercenew-33f39/us-central1/api/payments/create --> api
[debug] [2021-04-13T16:05:42.504Z] [worker-pool] submitWork(triggerId=api) {"metadata":{"emulator":{"name":"functions"},"message":"[worker-pool] submitWork(triggerId=api)"}}
[debug] [2021-04-13T16:05:42.504Z] [worker-api-1726aba8-1d32-43a9-ad08-e9d2848d3220]: Assigning socketPath: \\?\pipe\C:\Users\MuGens_Awakening\Desktop\ecommerce\functions\16644 {"metadata":{"emulator":{"name":"functions"},"message":"[worker-api-1726aba8-1d32-43a9-ad08-e9d2848d3220]: Assigning socketPath: \\\\?\\pipe\\C:\\Users\\MuGens_Awakening\\Desktop\\ecommerce\\functions\\16644"}}
[debug] [2021-04-13T16:05:42.505Z] [worker-api-1726aba8-1d32-43a9-ad08-e9d2848d3220]: BUSY {"metadata":{"emulator":{"name":"functions"},"message":"[worker-api-1726aba8-1d32-43a9-ad08-e9d2848d3220]: BUSY"}}
[debug] [2021-04-13T16:05:42.506Z] [runtime-status] [16644] Trigger "api" has been found, beginning invocation! {"metadata":{"emulator":{"name":"functions"},"function":{"name":"api"},"message":"[runtime-status] [16644] Trigger \"api\" has been found, beginning invocation!"}}
[info] i  functions: Beginning execution of "api" {"metadata":{"emulator":{"name":"functions"},"function":{"name":"api"},"message":"Beginning execution of \"api\""}}
[debug] [2021-04-13T16:05:42.508Z] [runtime-status] [16644] triggerDefinition {"httpsTrigger":{},"name":"api","entryPoint":"api"} {"metadata":{"emulator":{"name":"functions"},"function":{"name":"api"},"message":"[runtime-status] [16644] triggerDefinition {\"httpsTrigger\":{},\"name\":\"api\",\"entryPoint\":\"api\"}"}}
[debug] [2021-04-13T16:05:42.508Z] [runtime-status] [16644] Running api in mode HTTPS {"metadata":{"emulator":{"name":"functions"},"function":{"name":"api"},"message":"[runtime-status] [16644] Running api in mode HTTPS"}}
[debug] [2021-04-13T16:05:42.509Z] [runtime-status] [16644] Attempting to listen to socketPath: \\?\pipe\C:\Users\MuGens_Awakening\Desktop\ecommerce\functions\16644 {"metadata":{"emulator":{"name":"functions"},"function":{"name":"api"},"message":"[runtime-status] [16644] Attempting to listen to socketPath: \\\\?\\pipe\\C:\\Users\\MuGens_Awakening\\Desktop\\ecommerce\\functions\\16644"}}
[debug] [2021-04-13T16:05:42.510Z] [functions] Runtime ready! Sending request! {"metadata":{"emulator":{"name":"functions"},"message":"[functions] Runtime ready! Sending request!"}}
[debug] [2021-04-13T16:05:42.510Z] [functions] Got req.url=/ecommercenew-33f39/us-central1/api/payments/create, mapping to path=/payments/create {"metadata":{"emulator":{"name":"functions"},"message":"[functions] Got req.url=/ecommercenew-33f39/us-central1/api/payments/create, mapping to path=/payments/create"}}
[debug] [2021-04-13T16:05:42.514Z] [runtime-status] [16644] Ephemeral server handling OPTIONS request {"metadata":{"emulator":{"name":"functions"},"function":{"name":"api"},"message":"[runtime-status] [16644] Ephemeral server handling OPTIONS request"}}
[debug] [2021-04-13T16:05:42.518Z] [runtime-status] [16644] Ephemeral server survived. {"metadata":{"emulator":{"name":"functions"},"function":{"name":"api"},"message":"[runtime-status] [16644] Ephemeral server survived."}}
[info] i  functions: Finished "api" in ~1s {"metadata":{"emulator":{"name":"functions"},"function":{"name":"api"},"message":"Finished \"api\" in ~1s"}}
[debug] [2021-04-13T16:05:42.520Z] [worker-api-1726aba8-1d32-43a9-ad08-e9d2848d3220]: IDLE {"metadata":{"emulator":{"name":"functions"},"message":"[worker-api-1726aba8-1d32-43a9-ad08-e9d2848d3220]: IDLE"}}
[debug] [2021-04-13T16:05:42.521Z] [work-queue] {"queueLength":0,"workRunningCount":0}
[debug] [2021-04-13T16:05:42.522Z] [work-queue] {"queueLength":1,"workRunningCount":0}
[debug] [2021-04-13T16:05:42.522Z] [work-queue] {"queueLength":0,"workRunningCount":1}
[debug] [2021-04-13T16:05:42.523Z] Accepted request POST /ecommercenew-33f39/us-central1/api/payments/create --> api
[debug] [2021-04-13T16:05:42.523Z] [worker-pool] submitWork(triggerId=api) {"metadata":{"emulator":{"name":"functions"},"message":"[worker-pool] submitWork(triggerId=api)"}}
[debug] [2021-04-13T16:05:42.523Z] [worker-api-1726aba8-1d32-43a9-ad08-e9d2848d3220]: Assigning socketPath: \\?\pipe\C:\Users\MuGens_Awakening\Desktop\ecommerce\functions\16644 {"metadata":{"emulator":{"name":"functions"},"message":"[worker-api-1726aba8-1d32-43a9-ad08-e9d2848d3220]: Assigning socketPath: \\\\?\\pipe\\C:\\Users\\MuGens_Awakening\\Desktop\\ecommerce\\functions\\16644"}}
[debug] [2021-04-13T16:05:42.523Z] [worker-api-1726aba8-1d32-43a9-ad08-e9d2848d3220]: BUSY {"metadata":{"emulator":{"name":"functions"},"message":"[worker-api-1726aba8-1d32-43a9-ad08-e9d2848d3220]: BUSY"}}
[debug] [2021-04-13T16:05:42.533Z] [runtime-status] [16644] Trigger "api" has been found, beginning invocation! {"metadata":{"emulator":{"name":"functions"},"function":{"name":"api"},"message":"[runtime-status] [16644] Trigger \"api\" has been found, beginning invocation!"}}
[info] i  functions: Beginning execution of "api" {"metadata":{"emulator":{"name":"functions"},"function":{"name":"api"},"message":"Beginning execution of \"api\""}}
[debug] [2021-04-13T16:05:42.535Z] [runtime-status] [16644] triggerDefinition {"httpsTrigger":{},"name":"api","entryPoint":"api"} {"metadata":{"emulator":{"name":"functions"},"function":{"name":"api"},"message":"[runtime-status] [16644] triggerDefinition {\"httpsTrigger\":{},\"name\":\"api\",\"entryPoint\":\"api\"}"}}
[debug] [2021-04-13T16:05:42.536Z] [runtime-status] [16644] Running api in mode HTTPS {"metadata":{"emulator":{"name":"functions"},"function":{"name":"api"},"message":"[runtime-status] [16644] Running api in mode HTTPS"}}
[debug] [2021-04-13T16:05:42.536Z] [runtime-status] [16644] Attempting to listen to socketPath: \\?\pipe\C:\Users\MuGens_Awakening\Desktop\ecommerce\functions\16644 {"metadata":{"emulator":{"name":"functions"},"function":{"name":"api"},"message":"[runtime-status] [16644] Attempting to listen to socketPath: \\\\?\\pipe\\C:\\Users\\MuGens_Awakening\\Desktop\\ecommerce\\functions\\16644"}}
[debug] [2021-04-13T16:05:42.537Z] [functions] Runtime ready! Sending request! {"metadata":{"emulator":{"name":"functions"},"message":"[functions] Runtime ready! Sending request!"}}
[debug] [2021-04-13T16:05:42.537Z] [functions] Got req.url=/ecommercenew-33f39/us-central1/api/payments/create, mapping to path=/payments/create {"metadata":{"emulator":{"name":"functions"},"message":"[functions] Got req.url=/ecommercenew-33f39/us-central1/api/payments/create, mapping to path=/payments/create"}}
[debug] [2021-04-13T16:05:42.562Z] [runtime-status] [16644] Ephemeral server handling POST request {"metadata":{"emulator":{"name":"functions"},"function":{"name":"api"},"message":"[runtime-status] [16644] Ephemeral server handling POST request"}}
[debug] [2021-04-13T16:05:42.573Z] [runtime-status] [16644] Ephemeral server survived. {"metadata":{"emulator":{"name":"functions"},"function":{"name":"api"},"message":"[runtime-status] [16644] Ephemeral server survived."}}
[info] i  functions: Finished "api" in ~1s {"metadata":{"emulator":{"name":"functions"},"function":{"name":"api"},"message":"Finished \"api\" in ~1s"}}
[debug] [2021-04-13T16:05:43.225Z] [worker-api-1726aba8-1d32-43a9-ad08-e9d2848d3220]: IDLE {"metadata":{"emulator":{"name":"functions"},"message":"[worker-api-1726aba8-1d32-43a9-ad08-e9d2848d3220]: IDLE"}}
[debug] [2021-04-13T16:05:43.225Z] [work-queue] {"queueLength":0,"workRunningCount":0}
[debug] [2021-04-13T17:26:42.630Z] [worker-api-1726aba8-1d32-43a9-ad08-e9d2848d3220]: exited {"metadata":{"emulator":{"name":"functions"},"message":"[worker-api-1726aba8-1d32-43a9-ad08-e9d2848d3220]: exited"}}
